Fri 15 Sep 2023 07:47:28 PM UTC: 
 treemap.c | 10 ++++++++--
 1 file changed, 8 insertions(+), 2 deletions(-)
In file included from test.c:4:
treemap.c:49:1: error: expected identifier or ‘(’ before ‘}’ token
   49 | }
      | ^
Compilation failed
d850e24
Fri 15 Sep 2023 07:47:51 PM UTC: 
 treemap.c | 1 -
 1 file changed, 1 deletion(-)
 tests:  4|7
total_score: 5/70
3e6d378
Fri 15 Sep 2023 07:52:08 PM UTC: 
 treemap.c | 13 +++++++++++++
 1 file changed, 13 insertions(+)
In file included from test.c:4:
treemap.c: In function ‘searchTreeMap’:
treemap.c:92:1: error: expected ‘;’ before ‘}’ token
   92 | }
      | ^
test.c:503:5: error: ‘main’ is normally a non-static function [-Werror=main]
  503 | int main( int argc, char *argv[] ) {
      |     ^~~~
test.c:606:1: error: expected declaration or statement at end of input
  606 | }
      | ^
test.c:606: error: control reaches end of non-void function [-Werror=return-type]
  606 | }
      | 
At top level:
test.c:503:5: error: ‘main’ defined but not used [-Werror=unused-function]
  503 | int main( int argc, char *argv[] ) {
      |     ^~~~
cc1: all warnings being treated as errors
Compilation failed
b8bcda5
Fri 15 Sep 2023 07:52:27 PM UTC: 
 treemap.c | 2 +-
 1 file changed, 1 insertion(+), 1 deletion(-)
test.c: In function ‘searchTreeMap’:
test.c:503:5: error: ‘main’ is normally a non-static function [-Werror=main]
  503 | int main( int argc, char *argv[] ) {
      |     ^~~~
test.c:606:1: error: expected declaration or statement at end of input
  606 | }
      | ^
test.c:606: error: control reaches end of non-void function [-Werror=return-type]
  606 | }
      | 
At top level:
test.c:503:5: error: ‘main’ defined but not used [-Werror=unused-function]
  503 | int main( int argc, char *argv[] ) {
      |     ^~~~
cc1: all warnings being treated as errors
Compilation failed
ffcfbed
Fri 15 Sep 2023 07:53:02 PM UTC: 
 treemap.c | 2 +-
 1 file changed, 1 insertion(+), 1 deletion(-)
In file included from test.c:4:
treemap.c: In function ‘searchTreeMap’:
treemap.c:86:59: error: expected ‘;’ before ‘{’ token
   86 |         } else (tree->lower_than(key, current->pair->key)) {
      |                                                           ^~
      |                                                           ;
test.c:503:5: error: ‘main’ is normally a non-static function [-Werror=main]
  503 | int main( int argc, char *argv[] ) {
      |     ^~~~
test.c:606:1: error: expected declaration or statement at end of input
  606 | }
      | ^
test.c:606: error: control reaches end of non-void function [-Werror=return-type]
  606 | }
      | 
At top level:
test.c:503:5: error: ‘main’ defined but not used [-Werror=unused-function]
  503 | int main( int argc, char *argv[] ) {
      |     ^~~~
cc1: all warnings being treated as errors
Compilation failed
a723de9
Fri 15 Sep 2023 07:59:12 PM UTC: 
 treemap.c | 6 ++++--
 1 file changed, 4 insertions(+), 2 deletions(-)
 tests:  11|6
total_score: 15/70
012b1f1
Fri 15 Sep 2023 08:02:22 PM UTC: 
 treemap.c | 14 ++++++++++++++
 1 file changed, 14 insertions(+)
 tests:  11|6
total_score: 15/70
0069257
